/Users/sebastienproulx/Documents/GitHub/McGill/neuroimaging/HRdelay.mat
05-May-2021 11:56:00
<a href="matlab: opentoline('/Users/sebastienproulx/Documents/GitHub/McGill/neuroimaging/HRdelay.m',89,1)">89  </a>if 1
if system_dependent('IsDebugMode')==1, dbstep; end
processResponses(p,figOption,verbose)
<a href="matlab: opentoline('/Users/sebastienproulx/Documents/GitHub/McGill/neuroimaging/processResponses.m',2,1)">2   </a>actuallyRun = 1;
if system_dependent('IsDebugMode')==1, dbstep; end
if system_dependent('IsDebugMode')==1, dbstep; end
if system_dependent('IsDebugMode')==1, dbstep; end
if system_dependent('IsDebugMode')==1, dbstep; end
if system_dependent('IsDebugMode')==1, dbstep; end
if system_dependent('IsDebugMode')==1, dbstep; end
if system_dependent('IsDebugMode')==1, dbstep; end
if system_dependent('IsDebugMode')==1, dbstep; end
if system_dependent('IsDebugMode')==1, dbstep; end
if system_dependent('IsDebugMode')==1, dbstep; end
if system_dependent('IsDebugMode')==1, dbstep; end
if system_dependent('IsDebugMode')==1, dbstep; end
if system_dependent('IsDebugMode')==1, dbstep; end
if system_dependent('IsDebugMode')==1, dbstep; end
if system_dependent('IsDebugMode')==1, dbstep; end
if system_dependent('IsDebugMode')==1, dbstep; end
if system_dependent('IsDebugMode')==1, dbstep; end
if system_dependent('IsDebugMode')==1, dbstep; end
{Reference to non-existent field 'perm'.

Error in <a href="matlab:matlab.internal.language.introspective.errorDocCallback('processResponses', '/Users/sebastienproulx/Documents/GitHub/McGill/neuroimaging/processResponses.m', 32)" style="font-weight:bold">processResponses</a> (<a href="matlab: opentoline('/Users/sebastienproulx/Documents/GitHub/McGill/neuroimaging/processResponses.m',32,0)">line 32</a>)
            if pMaster.perm.doIt
} 
opentoline('/Users/sebastienproulx/Documents/GitHub/McGill/neuroimaging/processResponses.m',32,0)
dbquit
HRdelay
